12-Feb-2019 09:12:12
access token null
_____________________________________________________

12-Feb-2019 09:18:24
access token null
_____________________________________________________

12-Feb-2019 10:18:12
access token null
_____________________________________________________

12-Feb-2019 10:18:28
OK
_____________________________________________________

12-Feb-2019 10:18:28
success
_____________________________________________________

12-Feb-2019 10:33:14
access token null
_____________________________________________________

12-Feb-2019 10:33:33
OK
_____________________________________________________

12-Feb-2019 10:33:33
success
_____________________________________________________

12-Feb-2019 10:37:39
access token null
_____________________________________________________

12-Feb-2019 10:39:01
access token null
_____________________________________________________

12-Feb-2019 10:39:16
access token null
_____________________________________________________

12-Feb-2019 10:39:36
OK
_____________________________________________________

12-Feb-2019 10:39:36
success
_____________________________________________________

12-Feb-2019 10:46:24
access token null
_____________________________________________________

12-Feb-2019 10:46:35
OK
_____________________________________________________

12-Feb-2019 10:46:35
success
_____________________________________________________

