15-Feb-2019 07:44:10
access token null
_____________________________________________________

15-Feb-2019 07:49:39
Web.Controllers.PetsController
The view 'Index' or its master was not found or no view engine supports the searched locations. The following locations were searched:
~/Views/pets/Index.aspx
~/Views/pets/Index.ascx
~/Views/Shared/Index.aspx
~/Views/Shared/Index.ascx
~/Views/pets/Index.cshtml
~/Views/pets/Index.vbhtml
~/Views/Shared/Index.cshtml
~/Views/Shared/Index.vbhtml
_____________________________________________________

15-Feb-2019 07:50:03
Web.Controllers.PetsController
The view 'Details' or its master was not found or no view engine supports the searched locations. The following locations were searched:
~/Views/pets/Details.aspx
~/Views/pets/Details.ascx
~/Views/Shared/Details.aspx
~/Views/Shared/Details.ascx
~/Views/pets/Details.cshtml
~/Views/pets/Details.vbhtml
~/Views/Shared/Details.cshtml
~/Views/Shared/Details.vbhtml
_____________________________________________________

15-Feb-2019 07:59:24
Web.Controllers.PetsController
The view 'Details' or its master was not found or no view engine supports the searched locations. The following locations were searched:
~/Views/pets/Details.aspx
~/Views/pets/Details.ascx
~/Views/Shared/Details.aspx
~/Views/Shared/Details.ascx
~/Views/pets/Details.cshtml
~/Views/pets/Details.vbhtml
~/Views/Shared/Details.cshtml
~/Views/Shared/Details.vbhtml
_____________________________________________________

15-Feb-2019 08:05:51
Web.Controllers.PetsController
Object reference not set to an instance of an object.
_____________________________________________________

15-Feb-2019 08:10:02
access token null
_____________________________________________________

15-Feb-2019 08:10:47
Web.Controllers.PetsController
The view 'Details' or its master was not found or no view engine supports the searched locations. The following locations were searched:
~/Views/pets/Details.aspx
~/Views/pets/Details.ascx
~/Views/Shared/Details.aspx
~/Views/Shared/Details.ascx
~/Views/pets/Details.cshtml
~/Views/pets/Details.vbhtml
~/Views/Shared/Details.cshtml
~/Views/Shared/Details.vbhtml
_____________________________________________________

15-Feb-2019 08:13:22
Web.Controllers.PetsController
The view 'Details' or its master was not found or no view engine supports the searched locations. The following locations were searched:
~/Views/pets/Details.aspx
~/Views/pets/Details.ascx
~/Views/Shared/Details.aspx
~/Views/Shared/Details.ascx
~/Views/pets/Details.cshtml
~/Views/pets/Details.vbhtml
~/Views/Shared/Details.cshtml
~/Views/Shared/Details.vbhtml
_____________________________________________________

15-Feb-2019 08:18:27
Web.Controllers.PetsController
The view 'Details' or its master was not found or no view engine supports the searched locations. The following locations were searched:
~/Views/pets/Details.aspx
~/Views/pets/Details.ascx
~/Views/Shared/Details.aspx
~/Views/Shared/Details.ascx
~/Views/pets/Details.cshtml
~/Views/pets/Details.vbhtml
~/Views/Shared/Details.cshtml
~/Views/Shared/Details.vbhtml
_____________________________________________________

15-Feb-2019 08:23:11
Web.Controllers.PetsController
The view 'Details' or its master was not found or no view engine supports the searched locations. The following locations were searched:
~/Views/pets/Details.aspx
~/Views/pets/Details.ascx
~/Views/Shared/Details.aspx
~/Views/Shared/Details.ascx
~/Views/pets/Details.cshtml
~/Views/pets/Details.vbhtml
~/Views/Shared/Details.cshtml
~/Views/Shared/Details.vbhtml
_____________________________________________________

15-Feb-2019 08:23:41
Web.Controllers.PetsController
The view 'Details' or its master was not found or no view engine supports the searched locations. The following locations were searched:
~/Views/pets/Details.aspx
~/Views/pets/Details.ascx
~/Views/Shared/Details.aspx
~/Views/Shared/Details.ascx
~/Views/pets/Details.cshtml
~/Views/pets/Details.vbhtml
~/Views/Shared/Details.cshtml
~/Views/Shared/Details.vbhtml
_____________________________________________________

15-Feb-2019 08:30:22
Web.Controllers.PetsController
The view 'Details' or its master was not found or no view engine supports the searched locations. The following locations were searched:
~/Views/pets/Details.aspx
~/Views/pets/Details.ascx
~/Views/Shared/Details.aspx
~/Views/Shared/Details.ascx
~/Views/pets/Details.cshtml
~/Views/pets/Details.vbhtml
~/Views/Shared/Details.cshtml
~/Views/Shared/Details.vbhtml
_____________________________________________________

15-Feb-2019 08:43:58
access token null
_____________________________________________________

15-Feb-2019 08:44:34
Web.Controllers.PetsController
Object reference not set to an instance of an object.
_____________________________________________________

15-Feb-2019 08:46:03
access token null
_____________________________________________________

15-Feb-2019 08:46:31
access token null
_____________________________________________________

15-Feb-2019 08:49:44
access token null
_____________________________________________________

15-Feb-2019 09:14:19
access token null
_____________________________________________________

15-Feb-2019 09:42:32
access token null
_____________________________________________________

15-Feb-2019 09:56:06
access token null
_____________________________________________________

