25-Feb-2019 11:28:07
access token null
_____________________________________________________

25-Feb-2019 11:55:37
access token null
_____________________________________________________

25-Feb-2019 12:02:16
access token null
_____________________________________________________

25-Feb-2019 12:10:50
access token null
_____________________________________________________

25-Feb-2019 12:14:12
access token null
_____________________________________________________

25-Feb-2019 12:16:34
access token null
_____________________________________________________

25-Feb-2019 12:17:54
access token null
_____________________________________________________

25-Feb-2019 12:19:39
access token null
_____________________________________________________

25-Feb-2019 12:20:53
access token null
_____________________________________________________

25-Feb-2019 12:22:01
access token null
_____________________________________________________

25-Feb-2019 12:30:31
access token null
_____________________________________________________

25-Feb-2019 12:38:09
access token null
_____________________________________________________

25-Feb-2019 12:47:45
access token null
_____________________________________________________

25-Feb-2019 12:48:31
access token null
_____________________________________________________

25-Feb-2019 01:00:31
access token null
_____________________________________________________

25-Feb-2019 01:03:16
OK
_____________________________________________________

25-Feb-2019 01:03:16
success
_____________________________________________________

25-Feb-2019 01:03:46
OK
_____________________________________________________

25-Feb-2019 01:03:46
success
_____________________________________________________

25-Feb-2019 01:03:53
OK
_____________________________________________________

25-Feb-2019 01:03:53
success
_____________________________________________________

25-Feb-2019 01:04:09
OK
_____________________________________________________

25-Feb-2019 01:04:09
success
_____________________________________________________

25-Feb-2019 01:04:20
OK
_____________________________________________________

25-Feb-2019 01:04:20
success
_____________________________________________________

25-Feb-2019 01:04:33
OK
_____________________________________________________

25-Feb-2019 01:04:33
success
_____________________________________________________

25-Feb-2019 01:05:10
OK
_____________________________________________________

25-Feb-2019 01:05:10
success
_____________________________________________________

25-Feb-2019 01:06:34
OK
_____________________________________________________

25-Feb-2019 01:06:34
success
_____________________________________________________

25-Feb-2019 01:06:56
access token null
_____________________________________________________

25-Feb-2019 01:07:02
OK
_____________________________________________________

25-Feb-2019 01:07:02
success
_____________________________________________________

25-Feb-2019 01:07:14
OK
_____________________________________________________

25-Feb-2019 01:07:14
success
_____________________________________________________

25-Feb-2019 01:08:18
OK
_____________________________________________________

25-Feb-2019 01:08:18
success
_____________________________________________________

25-Feb-2019 01:13:26
access token null
_____________________________________________________

25-Feb-2019 01:14:38
access token null
_____________________________________________________

25-Feb-2019 01:15:26
access token null
_____________________________________________________

25-Feb-2019 01:18:43
access token null
_____________________________________________________

25-Feb-2019 02:09:57
access token null
_____________________________________________________

25-Feb-2019 02:10:56
access token null
_____________________________________________________

25-Feb-2019 02:11:11
access token null
_____________________________________________________

25-Feb-2019 02:12:26
access token null
_____________________________________________________

25-Feb-2019 06:59:49
access token null
_____________________________________________________

25-Feb-2019 07:09:12
access token null
_____________________________________________________

25-Feb-2019 07:14:32
access token null
_____________________________________________________

25-Feb-2019 07:35:30
access token null
_____________________________________________________

25-Feb-2019 07:41:56
access token null
_____________________________________________________

25-Feb-2019 08:09:22
access token null
_____________________________________________________

25-Feb-2019 08:11:40
Web.Controllers.ResourcesController
There is no ViewData item of type 'IEnumerable<SelectListItem>' that has the key 'CompanyId'.
_____________________________________________________

25-Feb-2019 08:12:02
access token null
_____________________________________________________

25-Feb-2019 08:13:26
Web.Controllers.ResourcesController
There is no ViewData item of type 'IEnumerable<SelectListItem>' that has the key 'CompanyId'.
_____________________________________________________

25-Feb-2019 08:14:04
access token null
_____________________________________________________

25-Feb-2019 08:16:37
Web.Controllers.ResourcesController
There is no ViewData item of type 'IEnumerable<SelectListItem>' that has the key 'CompanyId'.
_____________________________________________________

25-Feb-2019 08:16:40
access token null
_____________________________________________________

25-Feb-2019 08:17:15
access token null
_____________________________________________________

25-Feb-2019 08:19:04
Web.Controllers.ResourcesController
There is no ViewData item of type 'IEnumerable<SelectListItem>' that has the key 'CompanyId'.
_____________________________________________________

25-Feb-2019 08:20:04
access token null
_____________________________________________________

25-Feb-2019 08:23:21
access token null
_____________________________________________________

25-Feb-2019 08:24:14
access token null
_____________________________________________________

25-Feb-2019 08:24:29
Web.Controllers.ResourcesController
There is no ViewData item of type 'IEnumerable<SelectListItem>' that has the key 'CompanyId'.
_____________________________________________________

25-Feb-2019 08:25:03
access token null
_____________________________________________________

25-Feb-2019 08:26:01
Web.Controllers.ResourcesController
There is no ViewData item of type 'IEnumerable<SelectListItem>' that has the key 'CompanyId'.
_____________________________________________________

25-Feb-2019 08:27:13
access token null
_____________________________________________________

25-Feb-2019 08:28:10
access token null
_____________________________________________________

25-Feb-2019 08:43:13
access token null
_____________________________________________________

25-Feb-2019 08:49:28
access token null
_____________________________________________________

25-Feb-2019 08:49:42
access token null
_____________________________________________________

25-Feb-2019 08:49:54
access token null
_____________________________________________________

25-Feb-2019 08:56:24
access token null
_____________________________________________________

25-Feb-2019 08:57:37
access token null
_____________________________________________________

25-Feb-2019 09:02:33
access token null
_____________________________________________________

25-Feb-2019 09:04:25
access token null
_____________________________________________________

25-Feb-2019 10:29:53
access token null
_____________________________________________________

25-Feb-2019 10:43:00
access token null
_____________________________________________________

25-Feb-2019 10:47:10
access token null
_____________________________________________________

