09-Feb-2019 10:01:24
access token null
_____________________________________________________

09-Feb-2019 10:03:47
Web.Controllers.LoginController
A task was canceled.
_____________________________________________________

09-Feb-2019 10:06:31
access token null
_____________________________________________________

09-Feb-2019 10:07:17
access token null
_____________________________________________________

09-Feb-2019 10:09:13
access token null
_____________________________________________________

09-Feb-2019 10:10:37
access token null
_____________________________________________________

09-Feb-2019 10:11:54
access token null
_____________________________________________________

09-Feb-2019 10:12:19
access token null
_____________________________________________________

09-Feb-2019 10:32:24
access token null
_____________________________________________________

09-Feb-2019 10:33:01
access token null
_____________________________________________________

09-Feb-2019 10:36:57
Web.Controllers.ProductsController
Object reference not set to an instance of an object.
_____________________________________________________

09-Feb-2019 10:39:55
access token null
_____________________________________________________

