28-Jan-2019 08:09:56
Web.Controllers.ResourcesController
There is no ViewData item of type 'IEnumerable<SelectListItem>' that has the key 'CompanyId'.
_____________________________________________________

28-Jan-2019 08:13:02
Web.Controllers.ResourcesController
There is no ViewData item of type 'IEnumerable<SelectListItem>' that has the key 'CompanyId'.
_____________________________________________________

28-Jan-2019 08:14:29
Web.Controllers.ResourcesController
There is no ViewData item of type 'IEnumerable<SelectListItem>' that has the key 'CompanyId'.
_____________________________________________________

28-Jan-2019 08:15:11
Web.Controllers.ResourcesController
There is no ViewData item of type 'IEnumerable<SelectListItem>' that has the key 'CompanyId'.
_____________________________________________________

28-Jan-2019 08:19:26
Web.Controllers.ResourcesController
There is no ViewData item of type 'IEnumerable<SelectListItem>' that has the key 'CompanyId'.
_____________________________________________________

28-Jan-2019 08:20:33
Web.Controllers.ResourcesController
There is no ViewData item of type 'IEnumerable<SelectListItem>' that has the key 'CompanyId'.
_____________________________________________________

28-Jan-2019 08:21:10
Web.Controllers.ResourcesController
There is no ViewData item of type 'IEnumerable<SelectListItem>' that has the key 'CompanyId'.
_____________________________________________________

28-Jan-2019 08:23:21
Web.Controllers.ResourcesController
There is no ViewData item of type 'IEnumerable<SelectListItem>' that has the key 'CompanyId'.
_____________________________________________________

28-Jan-2019 08:25:59
Web.Controllers.ResourcesController
There is no ViewData item of type 'IEnumerable<SelectListItem>' that has the key 'CompanyId'.
_____________________________________________________

28-Jan-2019 08:26:51
Web.Controllers.ResourcesController
There is no ViewData item of type 'IEnumerable<SelectListItem>' that has the key 'CompanyId'.
_____________________________________________________

28-Jan-2019 08:28:12
Web.Controllers.ResourcesController
There is no ViewData item of type 'IEnumerable<SelectListItem>' that has the key 'CompanyId'.
_____________________________________________________

28-Jan-2019 08:29:59
Web.Controllers.ResourcesController
Cannot implicitly convert type 'System.Net.Http.HttpResponseMessage' to 'ViewModels.Company'
_____________________________________________________

28-Jan-2019 08:52:06
Web.Controllers.ResourcesController
Cannot implicitly convert type 'System.Net.Http.HttpResponseMessage' to 'ViewModels.Company'
_____________________________________________________

28-Jan-2019 08:54:29
Web.Controllers.ResourcesController
There is no ViewData item of type 'IEnumerable<SelectListItem>' that has the key 'CompanyId'.
_____________________________________________________

28-Jan-2019 08:55:19
Web.Controllers.ResourcesController
There is no ViewData item of type 'IEnumerable<SelectListItem>' that has the key 'CompanyId'.
_____________________________________________________

