27-Feb-2019 05:47:24
access token null
_____________________________________________________

27-Feb-2019 06:17:17
access token null
_____________________________________________________

27-Feb-2019 06:33:16
access token null
_____________________________________________________

27-Feb-2019 06:35:02
OK
_____________________________________________________

27-Feb-2019 06:35:02
success
_____________________________________________________

27-Feb-2019 06:35:12
OK
_____________________________________________________

27-Feb-2019 06:35:12
success
_____________________________________________________

