06-Mar-2019 06:51:04
access token null
_____________________________________________________

06-Mar-2019 06:52:52
access token null
_____________________________________________________

06-Mar-2019 06:58:48
access token null
_____________________________________________________

06-Mar-2019 07:01:29
access token null
_____________________________________________________

06-Mar-2019 07:08:05
access token null
_____________________________________________________

06-Mar-2019 07:31:41
access token null
_____________________________________________________

06-Mar-2019 07:31:57
Web.Controllers.LoginController
Unexpected character encountered while parsing value: <. Path '', line 0, position 0.
_____________________________________________________

06-Mar-2019 07:32:15
Web.Controllers.LoginController
Unexpected character encountered while parsing value: <. Path '', line 0, position 0.
_____________________________________________________

06-Mar-2019 07:33:03
access token null
_____________________________________________________

06-Mar-2019 07:33:19
access token null
_____________________________________________________

06-Mar-2019 07:38:36
access token null
_____________________________________________________

06-Mar-2019 07:44:24
access token null
_____________________________________________________

06-Mar-2019 07:47:13
access token null
_____________________________________________________

06-Mar-2019 07:47:45
access token null
_____________________________________________________

06-Mar-2019 07:49:41
access token null
_____________________________________________________

06-Mar-2019 07:49:59
access token null
_____________________________________________________

06-Mar-2019 07:50:12
access token null
_____________________________________________________

06-Mar-2019 07:52:03
access token null
_____________________________________________________

06-Mar-2019 07:52:22
access token null
_____________________________________________________

06-Mar-2019 07:54:05
access token null
_____________________________________________________

06-Mar-2019 07:54:35
access token null
_____________________________________________________

06-Mar-2019 08:11:42
access token null
_____________________________________________________

06-Mar-2019 08:12:02
OK
_____________________________________________________

06-Mar-2019 08:12:02
success
_____________________________________________________

06-Mar-2019 08:24:06
access token null
_____________________________________________________

06-Mar-2019 08:29:10
access token null
_____________________________________________________

06-Mar-2019 09:05:25
access token null
_____________________________________________________

