07-Nov-2018 06:12:00
Web.Controllers.CategoriesController
The view 'Index' or its master was not found or no view engine supports the searched locations. The following locations were searched:
~/Views/categories/Index.aspx
~/Views/categories/Index.ascx
~/Views/Shared/Index.aspx
~/Views/Shared/Index.ascx
~/Views/categories/Index.cshtml
~/Views/categories/Index.vbhtml
~/Views/Shared/Index.cshtml
~/Views/Shared/Index.vbhtml
_____________________________________________________

07-Nov-2018 06:14:47
Web.Controllers.CategoriesController
A task was canceled.
_____________________________________________________

07-Nov-2018 06:15:05
Web.Controllers.CategoriesController
The view 'Index' or its master was not found or no view engine supports the searched locations. The following locations were searched:
~/Views/categories/Index.aspx
~/Views/categories/Index.ascx
~/Views/Shared/Index.aspx
~/Views/Shared/Index.ascx
~/Views/categories/Index.cshtml
~/Views/categories/Index.vbhtml
~/Views/Shared/Index.cshtml
~/Views/Shared/Index.vbhtml
_____________________________________________________

07-Nov-2018 06:15:28
Web.Controllers.CategoriesController
The view 'Index' or its master was not found or no view engine supports the searched locations. The following locations were searched:
~/Views/categories/Index.aspx
~/Views/categories/Index.ascx
~/Views/Shared/Index.aspx
~/Views/Shared/Index.ascx
~/Views/categories/Index.cshtml
~/Views/categories/Index.vbhtml
~/Views/Shared/Index.cshtml
~/Views/Shared/Index.vbhtml
_____________________________________________________

07-Nov-2018 06:15:35
Web.Controllers.CategoriesController
The view 'Index' or its master was not found or no view engine supports the searched locations. The following locations were searched:
~/Views/categories/Index.aspx
~/Views/categories/Index.ascx
~/Views/Shared/Index.aspx
~/Views/Shared/Index.ascx
~/Views/categories/Index.cshtml
~/Views/categories/Index.vbhtml
~/Views/Shared/Index.cshtml
~/Views/Shared/Index.vbhtml
_____________________________________________________

07-Nov-2018 06:16:03
Web.Controllers.CategoriesController
The view 'Index' or its master was not found or no view engine supports the searched locations. The following locations were searched:
~/Views/categories/Index.aspx
~/Views/categories/Index.ascx
~/Views/Shared/Index.aspx
~/Views/Shared/Index.ascx
~/Views/categories/Index.cshtml
~/Views/categories/Index.vbhtml
~/Views/Shared/Index.cshtml
~/Views/Shared/Index.vbhtml
_____________________________________________________

07-Nov-2018 06:16:30
Web.Controllers.CategoriesController
The view 'Index' or its master was not found or no view engine supports the searched locations. The following locations were searched:
~/Views/categories/Index.aspx
~/Views/categories/Index.ascx
~/Views/Shared/Index.aspx
~/Views/Shared/Index.ascx
~/Views/categories/Index.cshtml
~/Views/categories/Index.vbhtml
~/Views/Shared/Index.cshtml
~/Views/Shared/Index.vbhtml
_____________________________________________________

07-Nov-2018 06:18:04
Web.Controllers.CategoriesController
The view 'Index' or its master was not found or no view engine supports the searched locations. The following locations were searched:
~/Views/categories/Index.aspx
~/Views/categories/Index.ascx
~/Views/Shared/Index.aspx
~/Views/Shared/Index.ascx
~/Views/categories/Index.cshtml
~/Views/categories/Index.vbhtml
~/Views/Shared/Index.cshtml
~/Views/Shared/Index.vbhtml
_____________________________________________________

07-Nov-2018 06:42:24
Web.Controllers.CategoriesController
The view 'Index' or its master was not found or no view engine supports the searched locations. The following locations were searched:
~/Views/categories/Index.aspx
~/Views/categories/Index.ascx
~/Views/Shared/Index.aspx
~/Views/Shared/Index.ascx
~/Views/categories/Index.cshtml
~/Views/categories/Index.vbhtml
~/Views/Shared/Index.cshtml
~/Views/Shared/Index.vbhtml
_____________________________________________________

07-Nov-2018 06:43:49
Web.Controllers.CategoriesController
The view 'Index' or its master was not found or no view engine supports the searched locations. The following locations were searched:
~/Views/categories/Index.aspx
~/Views/categories/Index.ascx
~/Views/Shared/Index.aspx
~/Views/Shared/Index.ascx
~/Views/categories/Index.cshtml
~/Views/categories/Index.vbhtml
~/Views/Shared/Index.cshtml
~/Views/Shared/Index.vbhtml
_____________________________________________________

07-Nov-2018 07:02:08
Web.Controllers.CategoriesController
Object reference not set to an instance of an object.
_____________________________________________________

07-Nov-2018 07:02:47
Web.Controllers.CategoriesController
Object reference not set to an instance of an object.
_____________________________________________________

07-Nov-2018 07:03:41
Web.Controllers.CategoriesController
Object reference not set to an instance of an object.
_____________________________________________________

07-Nov-2018 09:03:12
Web.Controllers.CategoriesController
The view 'create' or its master was not found or no view engine supports the searched locations. The following locations were searched:
~/Views/categories/create.aspx
~/Views/categories/create.ascx
~/Views/Shared/create.aspx
~/Views/Shared/create.ascx
~/Views/categories/create.cshtml
~/Views/categories/create.vbhtml
~/Views/Shared/create.cshtml
~/Views/Shared/create.vbhtml
_____________________________________________________

07-Nov-2018 11:38:59
Web.Controllers.CategoriesController
eee
_____________________________________________________

07-Nov-2018 11:41:38
Web.Controllers.CategoriesController
eee
_____________________________________________________

07-Nov-2018 11:48:29
Web.Controllers.CategoriesController
eee
_____________________________________________________

