30-Jan-2019 08:07:16
Web.Controllers.ProductsController
Object reference not set to an instance of an object.
_____________________________________________________

30-Jan-2019 08:07:31
Web.Controllers.ProductsController
Object reference not set to an instance of an object.
_____________________________________________________

30-Jan-2019 08:07:56
Web.Controllers.ProductsController
Object reference not set to an instance of an object.
_____________________________________________________

30-Jan-2019 08:08:04
Web.Controllers.ProductsController
Object reference not set to an instance of an object.
_____________________________________________________

30-Jan-2019 08:08:43
Web.Controllers.ProductsController
Object reference not set to an instance of an object.
_____________________________________________________

30-Jan-2019 08:09:03
Web.Controllers.ProductsController
Object reference not set to an instance of an object.
_____________________________________________________

30-Jan-2019 08:09:16
Web.Controllers.ProductsController
Object reference not set to an instance of an object.
_____________________________________________________

30-Jan-2019 08:10:56
Web.Controllers.ProductsController
Object reference not set to an instance of an object.
_____________________________________________________

30-Jan-2019 08:11:11
Web.Controllers.ProductsController
Object reference not set to an instance of an object.
_____________________________________________________

30-Jan-2019 08:11:28
Web.Controllers.ProductsController
Object reference not set to an instance of an object.
_____________________________________________________

30-Jan-2019 08:12:13
Web.Controllers.ProductsController
Object reference not set to an instance of an object.
_____________________________________________________

30-Jan-2019 08:14:46
Web.Controllers.ProductsController
Object reference not set to an instance of an object.
_____________________________________________________

30-Jan-2019 08:15:58
Web.Controllers.ProductsController
Object reference not set to an instance of an object.
_____________________________________________________

30-Jan-2019 08:37:00
Web.Controllers.SalesOrdersController
Object reference not set to an instance of an object.
_____________________________________________________

30-Jan-2019 08:39:31
Web.Controllers.SalesOrdersController
Object reference not set to an instance of an object.
_____________________________________________________

