06-Nov-2018 09:18:38
Web.Controllers.CategoriesController
'System.Net.Http.StreamContent' does not contain a definition for 'ReadAsAsync'
_____________________________________________________

06-Nov-2018 09:20:51
Web.Controllers.CategoriesController
The view 'Index' or its master was not found or no view engine supports the searched locations. The following locations were searched:
~/Views/categories/Index.aspx
~/Views/categories/Index.ascx
~/Views/Shared/Index.aspx
~/Views/Shared/Index.ascx
~/Views/categories/Index.cshtml
~/Views/categories/Index.vbhtml
~/Views/Shared/Index.cshtml
~/Views/Shared/Index.vbhtml
_____________________________________________________

06-Nov-2018 09:23:06
Web.Controllers.CategoriesController
The view 'Index' or its master was not found or no view engine supports the searched locations. The following locations were searched:
~/Views/categories/Index.aspx
~/Views/categories/Index.ascx
~/Views/Shared/Index.aspx
~/Views/Shared/Index.ascx
~/Views/categories/Index.cshtml
~/Views/categories/Index.vbhtml
~/Views/Shared/Index.cshtml
~/Views/Shared/Index.vbhtml
_____________________________________________________

06-Nov-2018 09:29:38
Web.Controllers.CategoriesController
The view 'Index' or its master was not found or no view engine supports the searched locations. The following locations were searched:
~/Views/categories/Index.aspx
~/Views/categories/Index.ascx
~/Views/Shared/Index.aspx
~/Views/Shared/Index.ascx
~/Views/categories/Index.cshtml
~/Views/categories/Index.vbhtml
~/Views/Shared/Index.cshtml
~/Views/Shared/Index.vbhtml
_____________________________________________________

06-Nov-2018 09:30:47
Web.Controllers.CategoriesController
The view 'Index' or its master was not found or no view engine supports the searched locations. The following locations were searched:
~/Views/categories/Index.aspx
~/Views/categories/Index.ascx
~/Views/Shared/Index.aspx
~/Views/Shared/Index.ascx
~/Views/categories/Index.cshtml
~/Views/categories/Index.vbhtml
~/Views/Shared/Index.cshtml
~/Views/Shared/Index.vbhtml
_____________________________________________________

06-Nov-2018 09:34:08
Web.Controllers.CategoriesController
The view 'Index' or its master was not found or no view engine supports the searched locations. The following locations were searched:
~/Views/categories/Index.aspx
~/Views/categories/Index.ascx
~/Views/Shared/Index.aspx
~/Views/Shared/Index.ascx
~/Views/categories/Index.cshtml
~/Views/categories/Index.vbhtml
~/Views/Shared/Index.cshtml
~/Views/Shared/Index.vbhtml
_____________________________________________________

