28-Feb-2019 07:09:44
access token null
_____________________________________________________

28-Feb-2019 07:15:02
access token null
_____________________________________________________

28-Feb-2019 07:21:49
OK
_____________________________________________________

28-Feb-2019 07:21:49
success
_____________________________________________________

28-Feb-2019 07:23:37
Web.Controllers.ProductsController
Object reference not set to an instance of an object.
_____________________________________________________

28-Feb-2019 07:35:27
access token null
_____________________________________________________

28-Feb-2019 07:35:33
Web.Controllers.LoginController
Unexpected character encountered while parsing value: <. Path '', line 0, position 0.
_____________________________________________________

28-Feb-2019 08:02:57
access token null
_____________________________________________________

28-Feb-2019 08:03:13
Web.Controllers.ProductsController
E:\Dropbox\projects\development\PETZ\Web\Views\Products\Create.cshtml(65): error CS1061: 'Product' does not contain a definition for 'SerialNumber' and no extension method 'SerialNumber' accepting a first argument of type 'Product' could be found (are you missing a using directive or an assembly reference?)
_____________________________________________________

28-Feb-2019 08:04:52
access token null
_____________________________________________________

28-Feb-2019 08:07:09
Web.Controllers.ProductsController
E:\Dropbox\projects\development\PETZ\Web\Views\Products\Index.cshtml(22): error CS1061: 'ProductInfo' does not contain a definition for 'SerialNumber' and no extension method 'SerialNumber' accepting a first argument of type 'ProductInfo' could be found (are you missing a using directive or an assembly reference?)
_____________________________________________________

28-Feb-2019 08:11:08
access token null
_____________________________________________________

28-Feb-2019 08:11:36
Web.Controllers.ProductsController
E:\Dropbox\projects\development\PETZ\Web\Views\Products\Index.cshtml(24): error CS1061: 'ProductInfo' does not contain a definition for 'Quantity' and no extension method 'Quantity' accepting a first argument of type 'ProductInfo' could be found (are you missing a using directive or an assembly reference?)
_____________________________________________________

28-Feb-2019 08:12:39
access token null
_____________________________________________________

28-Feb-2019 08:12:57
Web.Controllers.ProductsController
E:\Dropbox\projects\development\PETZ\Web\Views\Products\Index.cshtml(24): error CS1061: 'ProductInfo' does not contain a definition for 'Quantity' and no extension method 'Quantity' accepting a first argument of type 'ProductInfo' could be found (are you missing a using directive or an assembly reference?)
_____________________________________________________

28-Feb-2019 08:17:36
access token null
_____________________________________________________

28-Feb-2019 08:29:07
access token null
_____________________________________________________

28-Feb-2019 08:30:32
access token null
_____________________________________________________

28-Feb-2019 08:35:06
access token null
_____________________________________________________

28-Feb-2019 08:43:20
access token null
_____________________________________________________

28-Feb-2019 08:45:24
access token null
_____________________________________________________

28-Feb-2019 08:45:53
Web.Controllers.ProductsController
There is no ViewData item of type 'IEnumerable<SelectListItem>' that has the key 'CompanyId'.
_____________________________________________________

28-Feb-2019 08:47:04
access token null
_____________________________________________________

28-Feb-2019 08:50:56
access token null
_____________________________________________________

28-Feb-2019 08:52:10
access token null
_____________________________________________________

28-Feb-2019 08:52:41
access token null
_____________________________________________________

28-Feb-2019 08:52:58
access token null
_____________________________________________________

28-Feb-2019 09:12:20
access token null
_____________________________________________________

28-Feb-2019 09:13:02
access token null
_____________________________________________________

