07-Mar-2019 07:05:10
access token null
_____________________________________________________

07-Mar-2019 07:13:23
access token null
_____________________________________________________

07-Mar-2019 07:18:03
access token null
_____________________________________________________

07-Mar-2019 07:19:00
access token null
_____________________________________________________

07-Mar-2019 07:20:21
access token null
_____________________________________________________

07-Mar-2019 07:22:58
access token null
_____________________________________________________

07-Mar-2019 07:25:43
access token null
_____________________________________________________

07-Mar-2019 07:42:26
access token null
_____________________________________________________

07-Mar-2019 07:50:58
access token null
_____________________________________________________

07-Mar-2019 08:07:29
access token null
_____________________________________________________

07-Mar-2019 08:07:41
access token null
_____________________________________________________

07-Mar-2019 08:10:58
access token null
_____________________________________________________

07-Mar-2019 08:21:39
access token null
_____________________________________________________

07-Mar-2019 08:23:17
Web.Controllers.SalesOrdersController
There is no ViewData item of type 'IEnumerable<SelectListItem>' that has the key 'CompanyId'.
_____________________________________________________

07-Mar-2019 08:24:40
Web.Controllers.SalesOrdersController
There is no ViewData item of type 'IEnumerable<SelectListItem>' that has the key 'CompanyId'.
_____________________________________________________

07-Mar-2019 08:25:08
access token null
_____________________________________________________

07-Mar-2019 08:25:19
access token null
_____________________________________________________

07-Mar-2019 08:25:27
access token null
_____________________________________________________

07-Mar-2019 08:25:34
access token null
_____________________________________________________

07-Mar-2019 08:29:40
access token null
_____________________________________________________

07-Mar-2019 08:33:18
access token null
_____________________________________________________

07-Mar-2019 08:33:39
access token null
_____________________________________________________

07-Mar-2019 08:33:50
access token null
_____________________________________________________

07-Mar-2019 08:54:55
access token null
_____________________________________________________

