26-Feb-2019 12:59:11
access token null
_____________________________________________________

26-Feb-2019 05:15:01
access token null
_____________________________________________________

26-Feb-2019 05:15:19
InternalServerError
_____________________________________________________

26-Feb-2019 05:15:55
access token null
_____________________________________________________

26-Feb-2019 05:16:02
OK
_____________________________________________________

26-Feb-2019 05:16:02
success
_____________________________________________________

26-Feb-2019 05:16:44
access token null
_____________________________________________________

26-Feb-2019 05:16:57
OK
_____________________________________________________

26-Feb-2019 05:16:57
success
_____________________________________________________

26-Feb-2019 05:22:57
access token null
_____________________________________________________

26-Feb-2019 05:31:43
OK
_____________________________________________________

26-Feb-2019 05:31:43
success
_____________________________________________________

26-Feb-2019 05:54:04
access token null
_____________________________________________________

26-Feb-2019 05:55:44
access token null
_____________________________________________________

26-Feb-2019 06:00:26
access token null
_____________________________________________________

26-Feb-2019 06:03:42
OK
_____________________________________________________

26-Feb-2019 06:03:42
success
_____________________________________________________

26-Feb-2019 06:14:19
access token null
_____________________________________________________

26-Feb-2019 08:02:37
access token null
_____________________________________________________

26-Feb-2019 08:05:06
access token null
_____________________________________________________

26-Feb-2019 08:09:01
OK
_____________________________________________________

26-Feb-2019 08:09:01
success
_____________________________________________________

26-Feb-2019 08:20:52
access token null
_____________________________________________________

26-Feb-2019 08:51:35
access token null
_____________________________________________________

26-Feb-2019 09:04:09
access token null
_____________________________________________________

26-Feb-2019 09:06:48
access token null
_____________________________________________________

26-Feb-2019 09:15:42
access token null
_____________________________________________________

