11-Feb-2019 07:35:00
access token null
_____________________________________________________

11-Feb-2019 08:31:32
access token null
_____________________________________________________

11-Feb-2019 08:34:42
access token null
_____________________________________________________

11-Feb-2019 08:37:33
access token null
_____________________________________________________

11-Feb-2019 08:38:16
access token null
_____________________________________________________

11-Feb-2019 10:01:30
Web.Controllers.SalesOrdersController
A task was canceled.
_____________________________________________________

11-Feb-2019 10:47:36
access token null
_____________________________________________________

11-Feb-2019 10:51:23
access token null
_____________________________________________________

11-Feb-2019 10:51:44
access token null
_____________________________________________________

11-Feb-2019 10:53:34
access token null
_____________________________________________________

11-Feb-2019 10:56:46
access token null
_____________________________________________________

11-Feb-2019 11:00:33
access token null
_____________________________________________________

11-Feb-2019 11:03:01
access token null
_____________________________________________________

