07-Feb-2019 07:45:48
access token null
_____________________________________________________

07-Feb-2019 08:05:13
access token null
_____________________________________________________

07-Feb-2019 08:12:00
access token null
_____________________________________________________

07-Feb-2019 08:40:29
access token null
_____________________________________________________

07-Feb-2019 08:41:01
Web.Controllers.ProductsController
Object reference not set to an instance of an object.
_____________________________________________________

07-Feb-2019 08:42:05
Web.Controllers.ProductsController
There is no ViewData item of type 'IEnumerable<SelectListItem>' that has the key 'CompanyId'.
_____________________________________________________

07-Feb-2019 08:53:50
access token null
_____________________________________________________

07-Feb-2019 09:03:04
Web.Controllers.SalesOrdersController
The view 'Edit' or its master was not found or no view engine supports the searched locations. The following locations were searched:
~/Views/SalesOrders/Edit.aspx
~/Views/SalesOrders/Edit.ascx
~/Views/Shared/Edit.aspx
~/Views/Shared/Edit.ascx
~/Views/SalesOrders/Edit.cshtml
~/Views/SalesOrders/Edit.vbhtml
~/Views/Shared/Edit.cshtml
~/Views/Shared/Edit.vbhtml
_____________________________________________________

07-Feb-2019 09:06:45
access token null
_____________________________________________________

07-Feb-2019 09:38:25
access token null
_____________________________________________________

07-Feb-2019 09:47:27
access token null
_____________________________________________________

07-Feb-2019 10:20:11
access token null
_____________________________________________________

07-Feb-2019 10:38:09
access token null
_____________________________________________________

07-Feb-2019 10:41:23
access token null
_____________________________________________________

07-Feb-2019 10:41:57
access token null
_____________________________________________________

07-Feb-2019 10:45:40
access token null
_____________________________________________________

