21-Jan-2019 06:54:23
Web.Controllers.ManufacturersController
The view 'Delete' or its master was not found or no view engine supports the searched locations. The following locations were searched:
~/Views/Manufacturers/Delete.aspx
~/Views/Manufacturers/Delete.ascx
~/Views/Shared/Delete.aspx
~/Views/Shared/Delete.ascx
~/Views/Manufacturers/Delete.cshtml
~/Views/Manufacturers/Delete.vbhtml
~/Views/Shared/Delete.cshtml
~/Views/Shared/Delete.vbhtml
_____________________________________________________

21-Jan-2019 06:55:14
Web.Controllers.ManufacturersController
The view 'Delete' or its master was not found or no view engine supports the searched locations. The following locations were searched:
~/Views/Manufacturers/Delete.aspx
~/Views/Manufacturers/Delete.ascx
~/Views/Shared/Delete.aspx
~/Views/Shared/Delete.ascx
~/Views/Manufacturers/Delete.cshtml
~/Views/Manufacturers/Delete.vbhtml
~/Views/Shared/Delete.cshtml
~/Views/Shared/Delete.vbhtml
_____________________________________________________

21-Jan-2019 06:56:43
Web.Controllers.ManufacturersController
The view 'Delete' or its master was not found or no view engine supports the searched locations. The following locations were searched:
~/Views/Manufacturers/Delete.aspx
~/Views/Manufacturers/Delete.ascx
~/Views/Shared/Delete.aspx
~/Views/Shared/Delete.ascx
~/Views/Manufacturers/Delete.cshtml
~/Views/Manufacturers/Delete.vbhtml
~/Views/Shared/Delete.cshtml
~/Views/Shared/Delete.vbhtml
_____________________________________________________

21-Jan-2019 06:58:12
Web.Controllers.ProductTypesController
The view 'Delete' or its master was not found or no view engine supports the searched locations. The following locations were searched:
~/Views/ProductTypes/Delete.aspx
~/Views/ProductTypes/Delete.ascx
~/Views/Shared/Delete.aspx
~/Views/Shared/Delete.ascx
~/Views/ProductTypes/Delete.cshtml
~/Views/ProductTypes/Delete.vbhtml
~/Views/Shared/Delete.cshtml
~/Views/Shared/Delete.vbhtml
_____________________________________________________

21-Jan-2019 07:03:07
Web.Controllers.ManufacturersController
The view 'Delete' or its master was not found or no view engine supports the searched locations. The following locations were searched:
~/Views/Manufacturers/Delete.aspx
~/Views/Manufacturers/Delete.ascx
~/Views/Shared/Delete.aspx
~/Views/Shared/Delete.ascx
~/Views/Manufacturers/Delete.cshtml
~/Views/Manufacturers/Delete.vbhtml
~/Views/Shared/Delete.cshtml
~/Views/Shared/Delete.vbhtml
_____________________________________________________

21-Jan-2019 07:07:53
Web.Controllers.ManufacturersController
The parameters dictionary contains a null entry for parameter 'id' of non-nullable type 'System.Int32' for method 'System.Threading.Tasks.Task`1[System.Web.Mvc.ActionResult] Delete(Int32)' in 'Web.Controllers.ManufacturersController'. An optional parameter must be a reference type, a nullable type, or be declared as an optional parameter.
Parameter name: parameters
_____________________________________________________

21-Jan-2019 07:17:14
Web.Controllers.CompaniesController
The view 'Delete' or its master was not found or no view engine supports the searched locations. The following locations were searched:
~/Views/Companies/Delete.aspx
~/Views/Companies/Delete.ascx
~/Views/Shared/Delete.aspx
~/Views/Shared/Delete.ascx
~/Views/Companies/Delete.cshtml
~/Views/Companies/Delete.vbhtml
~/Views/Shared/Delete.cshtml
~/Views/Shared/Delete.vbhtml
_____________________________________________________

21-Jan-2019 07:29:24
Web.Controllers.ManufacturersController
The view 'Delete' or its master was not found or no view engine supports the searched locations. The following locations were searched:
~/Views/Manufacturers/Delete.aspx
~/Views/Manufacturers/Delete.ascx
~/Views/Shared/Delete.aspx
~/Views/Shared/Delete.ascx
~/Views/Manufacturers/Delete.cshtml
~/Views/Manufacturers/Delete.vbhtml
~/Views/Shared/Delete.cshtml
~/Views/Shared/Delete.vbhtml
_____________________________________________________

21-Jan-2019 07:34:30
Web.Controllers.ProductsController
There is no ViewData item of type 'IEnumerable<SelectListItem>' that has the key 'CompanyId'.
_____________________________________________________

