02-Nov-2018 09:38:33
The controller for path '/__browserLink/requestData/d9f0e45654ce49d79238ceb3298770c7' was not found or does not implement IController.
_____________________________________________________

02-Nov-2018 09:42:23
The controller for path '/__browserLink/requestData/cac56fe4532045f186275c88404f8ef9' was not found or does not implement IController.
_____________________________________________________

02-Nov-2018 09:45:50
The controller for path '/__browserLink/requestData/2eaa68c7416143b7b765195a4881ee46' was not found or does not implement IController.
_____________________________________________________

02-Nov-2018 09:45:59
API.Controllers.CategoriesController
Your license is invalid.
_____________________________________________________

02-Nov-2018 10:23:48
The controller for path '/__browserLink/requestData/ba26e741fcf54da382244f1ea9ea123a' was not found or does not implement IController.
_____________________________________________________

02-Nov-2018 10:33:43
API.Controllers.CategoriesController
Your license has expired.
_____________________________________________________

