07-Nov-2018 06:16:40
API.Controllers.CategoriesController
Your license has expired.
_____________________________________________________

07-Nov-2018 06:18:14
API.Controllers.CategoriesController
Your license has expired.
_____________________________________________________

07-Nov-2018 06:28:34
API.Controllers.CategoriesController
Your license is invalid.
_____________________________________________________

07-Nov-2018 06:29:20
API.Controllers.CategoriesController
Your license has expired.
_____________________________________________________

07-Nov-2018 06:29:54
API.Controllers.CategoriesController
Your license is invalid.
_____________________________________________________

