13-Nov-2018 09:05:49
Introducing FOREIGN KEY constraint 'FK_dbo.Pets_dbo.Customers_CustomerId' on table 'Pets' may cause cycles or multiple cascade paths. Specify ON DELETE NO ACTION or ON UPDATE NO ACTION, or modify other FOREIGN KEY constraints.
Could not create constraint or index. See previous errors.
_____________________________________________________

13-Nov-2018 09:11:54
Introducing FOREIGN KEY constraint 'FK_dbo.Pets_dbo.Customers_CustomerId' on table 'Pets' may cause cycles or multiple cascade paths. Specify ON DELETE NO ACTION or ON UPDATE NO ACTION, or modify other FOREIGN KEY constraints.
Could not create constraint or index. See previous errors.
_____________________________________________________

13-Nov-2018 09:20:05
Introducing FOREIGN KEY constraint 'FK_dbo.Pets_dbo.Customers_CustomerId' on table 'Pets' may cause cycles or multiple cascade paths. Specify ON DELETE NO ACTION or ON UPDATE NO ACTION, or modify other FOREIGN KEY constraints.
Could not create constraint or index. See previous errors.
_____________________________________________________

13-Nov-2018 09:21:04
Introducing FOREIGN KEY constraint 'FK_dbo.Pets_dbo.Customers_CustomerId' on table 'Pets' may cause cycles or multiple cascade paths. Specify ON DELETE NO ACTION or ON UPDATE NO ACTION, or modify other FOREIGN KEY constraints.
Could not create constraint or index. See previous errors.
_____________________________________________________

13-Nov-2018 09:21:05
API.Controllers.MenusController
UserId not found.
_____________________________________________________

13-Nov-2018 09:21:45
Introducing FOREIGN KEY constraint 'FK_dbo.Pets_dbo.Customers_CustomerId' on table 'Pets' may cause cycles or multiple cascade paths. Specify ON DELETE NO ACTION or ON UPDATE NO ACTION, or modify other FOREIGN KEY constraints.
Could not create constraint or index. See previous errors.
_____________________________________________________

13-Nov-2018 09:23:16
Introducing FOREIGN KEY constraint 'FK_dbo.Pets_dbo.Customers_CustomerId' on table 'Pets' may cause cycles or multiple cascade paths. Specify ON DELETE NO ACTION or ON UPDATE NO ACTION, or modify other FOREIGN KEY constraints.
Could not create constraint or index. See previous errors.
_____________________________________________________

13-Nov-2018 09:24:06
Introducing FOREIGN KEY constraint 'FK_dbo.Pets_dbo.Customers_CustomerId' on table 'Pets' may cause cycles or multiple cascade paths. Specify ON DELETE NO ACTION or ON UPDATE NO ACTION, or modify other FOREIGN KEY constraints.
Could not create constraint or index. See previous errors.
_____________________________________________________

13-Nov-2018 09:28:01
Introducing FOREIGN KEY constraint 'FK_dbo.Pets_dbo.Customers_CustomerId' on table 'Pets' may cause cycles or multiple cascade paths. Specify ON DELETE NO ACTION or ON UPDATE NO ACTION, or modify other FOREIGN KEY constraints.
Could not create constraint or index. See previous errors.
_____________________________________________________

13-Nov-2018 09:28:59
Introducing FOREIGN KEY constraint 'FK_dbo.Pets_dbo.Customers_CustomerId' on table 'Pets' may cause cycles or multiple cascade paths. Specify ON DELETE NO ACTION or ON UPDATE NO ACTION, or modify other FOREIGN KEY constraints.
Could not create constraint or index. See previous errors.
_____________________________________________________

13-Nov-2018 09:30:20
Introducing FOREIGN KEY constraint 'FK_dbo.Pets_dbo.Customers_CustomerId' on table 'Pets' may cause cycles or multiple cascade paths. Specify ON DELETE NO ACTION or ON UPDATE NO ACTION, or modify other FOREIGN KEY constraints.
Could not create constraint or index. See previous errors.
_____________________________________________________

13-Nov-2018 09:54:42
Introducing FOREIGN KEY constraint 'FK_dbo.Pets_dbo.Customers_CustomerId' on table 'Pets' may cause cycles or multiple cascade paths. Specify ON DELETE NO ACTION or ON UPDATE NO ACTION, or modify other FOREIGN KEY constraints.
Could not create constraint or index. See previous errors.
_____________________________________________________

13-Nov-2018 10:54:12
Introducing FOREIGN KEY constraint 'FK_dbo.Pets_dbo.Customers_CustomerId' on table 'Pets' may cause cycles or multiple cascade paths. Specify ON DELETE NO ACTION or ON UPDATE NO ACTION, or modify other FOREIGN KEY constraints.
Could not create constraint or index. See previous errors.
_____________________________________________________

13-Nov-2018 10:54:46
Introducing FOREIGN KEY constraint 'FK_dbo.Pets_dbo.Customers_CustomerId' on table 'Pets' may cause cycles or multiple cascade paths. Specify ON DELETE NO ACTION or ON UPDATE NO ACTION, or modify other FOREIGN KEY constraints.
Could not create constraint or index. See previous errors.
_____________________________________________________

13-Nov-2018 10:55:22
Introducing FOREIGN KEY constraint 'FK_dbo.Pets_dbo.Customers_CustomerId' on table 'Pets' may cause cycles or multiple cascade paths. Specify ON DELETE NO ACTION or ON UPDATE NO ACTION, or modify other FOREIGN KEY constraints.
Could not create constraint or index. See previous errors.
_____________________________________________________

13-Nov-2018 10:59:03
Introducing FOREIGN KEY constraint 'FK_dbo.Pets_dbo.Customers_CustomerId' on table 'Pets' may cause cycles or multiple cascade paths. Specify ON DELETE NO ACTION or ON UPDATE NO ACTION, or modify other FOREIGN KEY constraints.
Could not create constraint or index. See previous errors.
_____________________________________________________

