04-Nov-2018 09:15:53
The controller for path '/API/ai/categories' was not found or does not implement IController.
_____________________________________________________

04-Nov-2018 09:16:52
The controller for path '/API/ai/categories' was not found or does not implement IController.
_____________________________________________________

04-Nov-2018 09:17:18
The controller for path '/API/ai/categories' was not found or does not implement IController.
_____________________________________________________

04-Nov-2018 09:17:56
The controller for path '/API/ai/categories' was not found or does not implement IController.
_____________________________________________________

04-Nov-2018 09:58:03
Value cannot be null.
Parameter name: assembly
_____________________________________________________

04-Nov-2018 09:58:18
Value cannot be null.
Parameter name: assembly
_____________________________________________________

04-Nov-2018 10:01:18
Value cannot be null.
Parameter name: assembly
_____________________________________________________

04-Nov-2018 10:01:38
Value cannot be null.
Parameter name: assembly
_____________________________________________________

04-Nov-2018 10:03:06
Value cannot be null.
Parameter name: assembly
_____________________________________________________

04-Nov-2018 10:04:38
Value cannot be null.
Parameter name: assembly
_____________________________________________________

