05-Nov-2018 07:54:10
The controller for path '/API/__browserLink/requestData/a3b65072d9d749f38f20f7424fda398d' was not found or does not implement IController.
_____________________________________________________

05-Nov-2018 08:25:15
API.Controllers.CategoriesController
Your license has expired.
_____________________________________________________

05-Nov-2018 08:27:17
API.Controllers.CategoriesController
Your license has expired.
_____________________________________________________

05-Nov-2018 09:19:53
API.Controllers.CategoriesController
Exception of type 'System.Threading.ThreadAbortException' was thrown.
_____________________________________________________

05-Nov-2018 09:20:58
API.Controllers.CategoriesController
Exception of type 'System.Threading.ThreadAbortException' was thrown.
_____________________________________________________

05-Nov-2018 09:21:36
API.Controllers.CategoriesController
Exception of type 'System.Threading.ThreadAbortException' was thrown.
_____________________________________________________

05-Nov-2018 09:22:52
API.Controllers.CategoriesController
Exception of type 'System.Threading.ThreadAbortException' was thrown.
_____________________________________________________

05-Nov-2018 09:24:18
API.Controllers.CategoriesController
Exception of type 'System.Threading.ThreadAbortException' was thrown.
_____________________________________________________

05-Nov-2018 09:24:37
API.Controllers.CategoriesController
Exception of type 'System.Threading.ThreadAbortException' was thrown.
_____________________________________________________

05-Nov-2018 09:25:30
API.Controllers.CategoriesController
Exception of type 'System.Threading.ThreadAbortException' was thrown.
_____________________________________________________

05-Nov-2018 09:26:52
API.Controllers.CategoriesController
Exception of type 'System.Threading.ThreadAbortException' was thrown.
_____________________________________________________

05-Nov-2018 09:27:46
API.Controllers.CategoriesController
Exception of type 'System.Threading.ThreadAbortException' was thrown.
_____________________________________________________

05-Nov-2018 09:31:58
API.Controllers.CategoriesController
Exception of type 'System.Threading.ThreadAbortException' was thrown.
_____________________________________________________

05-Nov-2018 09:32:11
API.Controllers.CategoriesController
Exception of type 'System.Threading.ThreadAbortException' was thrown.
_____________________________________________________

05-Nov-2018 09:42:30
The controller for path '/API/__browserLink/requestData/e506842310784dbebd4ad57bdffc75a0' was not found or does not implement IController.
_____________________________________________________

05-Nov-2018 09:47:24
The controller for path '/API/__browserLink/requestData/00d9d14b15b64e0e87f185b87e1d4712' was not found or does not implement IController.
_____________________________________________________

05-Nov-2018 09:50:41
The controller for path '/API/__browserLink/requestData/0070dbef792241a79ba8367364465fe2' was not found or does not implement IController.
_____________________________________________________

05-Nov-2018 09:51:40
API.Controllers.CategoriesController
Your license has expired.
_____________________________________________________

05-Nov-2018 09:52:03
API.Controllers.CategoriesController
Your license is invalid.
_____________________________________________________

