15-Feb-2019 08:22:46
API.Controllers.CustomersController
Not allowed to change the 'ConnectionString' property. The connection's current state is closed.
_____________________________________________________

15-Feb-2019 08:22:46
API.Controllers.CustomersController
Value cannot be null.
Parameter name: connection
_____________________________________________________

15-Feb-2019 08:29:58
API.Controllers.CustomersController
The context cannot be used while the model is being created. This exception may be thrown if the context is used inside the OnModelCreating method or if the same context instance is accessed by multiple threads concurrently. Note that instance members of DbContext and related classes are not guaranteed to be thread safe.
_____________________________________________________

15-Feb-2019 09:44:29
API.Controllers.PetsController
Object reference not set to an instance of an object.
_____________________________________________________

15-Feb-2019 09:44:39
API.Controllers.PetsController
Object reference not set to an instance of an object.
_____________________________________________________

