25-Feb-2019 08:16:42
API.Controllers.AccountController
The operation was canceled.
_____________________________________________________

25-Feb-2019 08:24:29
API.Controllers.AccountController
The model state is valid.
Parameter name: modelState
_____________________________________________________

25-Feb-2019 08:26:01
API.Controllers.AccountController
The model state is valid.
Parameter name: modelState
_____________________________________________________

25-Feb-2019 08:57:00
API.Controllers.ResourcesController
Value cannot be null.
Parameter name: request
_____________________________________________________

25-Feb-2019 08:57:18
API.Controllers.ResourcesController
Value cannot be null.
Parameter name: request
_____________________________________________________

25-Feb-2019 08:58:57
API.Controllers.ResourcesController
Value cannot be null.
Parameter name: request
_____________________________________________________

25-Feb-2019 09:00:13
API.Controllers.ResourcesController
Value cannot be null.
Parameter name: request
_____________________________________________________

25-Feb-2019 09:03:07
API.Controllers.ResourcesController
Value cannot be null.
Parameter name: request
_____________________________________________________

25-Feb-2019 09:06:26
API.Controllers.ResourcesController
Value cannot be null.
Parameter name: request
_____________________________________________________

25-Feb-2019 09:08:13
API.Controllers.ResourcesController
Value cannot be null.
Parameter name: request
_____________________________________________________

25-Feb-2019 09:14:25
API.Controllers.ResourcesController
Value cannot be null.
Parameter name: request
_____________________________________________________

